


          SolidWorks Corporation - STEP Processor Error Log
          ______________________________________________________

                       STEP Post Processor
                       ___________________


STEP File Name: C:\Users\epf\Dropbox\GloberDesign\MP3 Recorder\EPF-100\EPF-100.step


Error: SolidWorks API 'IAddProfileArcDLL' returned failure
Las superficies se procesaron satisfactoriamente
para formar el sólido.
STEP: la importación se ha completado.Las superficies se procesaron satisfactoriamente
para formar el sólido.
STEP: la importación se ha completado.Las superficies se procesaron satisfactoriamente
para formar el sólido.
STEP: la importación se ha completado.Las superficies se procesaron satisfactoriamente
para formar el sólido.
STEP: la importación se ha completado.Las superficies se procesaron satisfactoriamente
para formar el sólido.
STEP: la importación se ha completado.Las superficies se procesaron satisfactoriamente
para formar el sólido.
STEP: la importación se ha completado.Las superficies se procesaron satisfactoriamente
para formar el sólido.
STEP: la importación se ha completado.Las superficies se procesaron satisfactoriamente
para formar el sólido.
STEP: la importación se ha completado.Las superficies se procesaron satisfactoriamente
para formar el sólido.
STEP: la importación se ha completado.Las superficies se procesaron satisfactoriamente
para formar el sólido.
STEP: la importación se ha completado.Advertencia: Surface problem...El constructor de la superficie recortada constructor no pudo  
converger hacia una solución.
Advertencia: Surface problem...El constructor de la superficie recortada constructor no pudo  
converger hacia una solución.
Las superficies se procesaron satisfactoriamente
para formar el sólido.
STEP: la importación se ha completado.Las superficies se procesaron satisfactoriamente
para formar el sólido.
STEP: la importación se ha completado.Las superficies se procesaron satisfactoriamente
para formar el sólido.
STEP: la importación se ha completado.Las superficies se procesaron satisfactoriamente
para formar el sólido.
STEP: la importación se ha completado.Advertencia: Surface problem...El constructor de la superficie recortada constructor no pudo  
converger hacia una solución.
Advertencia: Surface problem...El constructor de la superficie recortada constructor no pudo  
converger hacia una solución.
Advertencia: Surface problem...El constructor de la superficie recortada constructor no pudo  
converger hacia una solución.
Advertencia: Surface problem...El constructor de la superficie recortada constructor no pudo  
converger hacia una solución.
Las superficies se procesaron satisfactoriamente
para formar el sólido.
STEP: la importación se ha completado.
Error: No se puede crear un sólido de superficies
recortadas.
STEP: la importación no se ha completado satisfactoriamente.
Las superficies se procesaron satisfactoriamente
para formar el sólido.
STEP: la importación se ha completado.
Error: No se puede crear un sólido de superficies
recortadas.
STEP: la importación no se ha completado satisfactoriamente.
Las superficies se procesaron satisfactoriamente
para formar el sólido.
STEP: la importación se ha completado.Las superficies se procesaron satisfactoriamente
para formar el sólido.
STEP: la importación se ha completado.Las superficies se procesaron satisfactoriamente
para formar el sólido.
STEP: la importación se ha completado.Las superficies se procesaron satisfactoriamente
para formar el sólido.
STEP: la importación se ha completado.Advertencia: Surface problem...El constructor de la superficie recortada constructor no pudo  
converger hacia una solución.
Advertencia: Surface problem...El constructor de la superficie recortada constructor no pudo  
converger hacia una solución.
Las superficies se procesaron satisfactoriamente
para formar el sólido.
STEP: la importación se ha completado.Las superficies se procesaron satisfactoriamente
para formar el sólido.
STEP: la importación se ha completado.Las superficies se procesaron satisfactoriamente
para formar el sólido.
STEP: la importación se ha completado.Las superficies se procesaron satisfactoriamente
para formar el sólido.
STEP: la importación se ha completado.Las superficies se procesaron satisfactoriamente
para formar el sólido.
STEP: la importación se ha completado.Las superficies se procesaron satisfactoriamente
para formar el sólido.
STEP: la importación se ha completado.Las superficies se procesaron satisfactoriamente
para formar el sólido.
STEP: la importación se ha completado.Las superficies se procesaron satisfactoriamente
para formar el sólido.
STEP: la importación se ha completado.Las superficies se procesaron satisfactoriamente
para formar el sólido.
STEP: la importación se ha completado.Las superficies se procesaron satisfactoriamente
para formar el sólido.
STEP: la importación se ha completado.Las superficies se procesaron satisfactoriamente
para formar el sólido.
STEP: la importación se ha completado.Las superficies se procesaron satisfactoriamente
para formar el sólido.
STEP: la importación se ha completado.Las superficies se procesaron satisfactoriamente
para formar el sólido.
STEP: la importación se ha completado.Las superficies se procesaron satisfactoriamente
para formar el sólido.
STEP: la importación se ha completado.Las superficies se procesaron satisfactoriamente
para formar el sólido.
STEP: la importación se ha completado.Las superficies se procesaron satisfactoriamente
para formar el sólido.
STEP: la importación se ha completado.Las superficies se procesaron satisfactoriamente
para formar el sólido.
STEP: la importación se ha completado.Las superficies se procesaron satisfactoriamente
para formar el sólido.
STEP: la importación se ha completado.Las superficies se procesaron satisfactoriamente
para formar el sólido.
STEP: la importación se ha completado.Las superficies se procesaron satisfactoriamente
para formar el sólido.
STEP: la importación se ha completado.Las superficies se procesaron satisfactoriamente
para formar el sólido.
STEP: la importación se ha completado.Las superficies se procesaron satisfactoriamente
para formar el sólido.
STEP: la importación se ha completado.Las superficies se procesaron satisfactoriamente
para formar el sólido.
STEP: la importación se ha completado.Las superficies se procesaron satisfactoriamente
para formar el sólido.
STEP: la importación se ha completado.Las superficies se procesaron satisfactoriamente
para formar el sólido.
STEP: la importación se ha completado.Las superficies se procesaron satisfactoriamente
para formar el sólido.
STEP: la importación se ha completado.Las superficies se procesaron satisfactoriamente
para formar el sólido.
STEP: la importación se ha completado.Las superficies se procesaron satisfactoriamente
para formar el sólido.
STEP: la importación se ha completado.Las superficies se procesaron satisfactoriamente
para formar el sólido.
STEP: la importación se ha completado.Las superficies se procesaron satisfactoriamente
para formar el sólido.
STEP: la importación se ha completado.Las superficies se procesaron satisfactoriamente
para formar el sólido.
STEP: la importación se ha completado.Las superficies se procesaron satisfactoriamente
para formar el sólido.
STEP: la importación se ha completado.Las superficies se procesaron satisfactoriamente
para formar el sólido.
STEP: la importación se ha completado.Las superficies se procesaron satisfactoriamente
para formar el sólido.
STEP: la importación se ha completado.Las superficies se procesaron satisfactoriamente
para formar el sólido.
STEP: la importación se ha completado.Las superficies se procesaron satisfactoriamente
para formar el sólido.
STEP: la importación se ha completado.Las superficies se procesaron satisfactoriamente
para formar el sólido.
STEP: la importación se ha completado.Las superficies se procesaron satisfactoriamente
para formar el sólido.
STEP: la importación se ha completado.Las superficies se procesaron satisfactoriamente
para formar el sólido.
STEP: la importación se ha completado.Las superficies se procesaron satisfactoriamente
para formar el sólido.
STEP: la importación se ha completado.Las superficies se procesaron satisfactoriamente
para formar el sólido.
STEP: la importación se ha completado.Las superficies se procesaron satisfactoriamente
para formar el sólido.
STEP: la importación se ha completado.Las superficies se procesaron satisfactoriamente
para formar el sólido.
STEP: la importación se ha completado.Las superficies se procesaron satisfactoriamente
para formar el sólido.
STEP: la importación se ha completado.Las superficies se procesaron satisfactoriamente
para formar el sólido.
STEP: la importación se ha completado.Las superficies se procesaron satisfactoriamente
para formar el sólido.
STEP: la importación se ha completado.Las superficies se procesaron satisfactoriamente
para formar el sólido.
STEP: la importación se ha completado.Las superficies se procesaron satisfactoriamente
para formar el sólido.
STEP: la importación se ha completado.Las superficies se procesaron satisfactoriamente
para formar el sólido.
STEP: la importación se ha completado.Las superficies se procesaron satisfactoriamente
para formar el sólido.
STEP: la importación se ha completado.Las superficies se procesaron satisfactoriamente
para formar el sólido.
STEP: la importación se ha completado.Las superficies se procesaron satisfactoriamente
para formar el sólido.
STEP: la importación se ha completado.Las superficies se procesaron satisfactoriamente
para formar el sólido.
STEP: la importación se ha completado.Las superficies se procesaron satisfactoriamente
para formar el sólido.
STEP: la importación se ha completado.Las superficies se procesaron satisfactoriamente
para formar el sólido.
STEP: la importación se ha completado.Las superficies se procesaron satisfactoriamente
para formar el sólido.
STEP: la importación se ha completado.Las superficies se procesaron satisfactoriamente
para formar el sólido.
STEP: la importación se ha completado.Las superficies se procesaron satisfactoriamente
para formar el sólido.
STEP: la importación se ha completado.Las superficies se procesaron satisfactoriamente
para formar el sólido.
STEP: la importación se ha completado.Las superficies se procesaron satisfactoriamente
para formar el sólido.
STEP: la importación se ha completado.Las superficies se procesaron satisfactoriamente
para formar el sólido.
STEP: la importación se ha completado.Las superficies se procesaron satisfactoriamente
para formar el sólido.
STEP: la importación se ha completado.Las superficies se procesaron satisfactoriamente
para formar el sólido.
STEP: la importación se ha completado.Las superficies se procesaron satisfactoriamente
para formar el sólido.
STEP: la importación se ha completado.Las superficies se procesaron satisfactoriamente
para formar el sólido.
STEP: la importación se ha completado.Las superficies se procesaron satisfactoriamente
para formar el sólido.
STEP: la importación se ha completado.Las superficies se procesaron satisfactoriamente
para formar el sólido.
STEP: la importación se ha completado.Las superficies se procesaron satisfactoriamente
para formar el sólido.
STEP: la importación se ha completado.Las superficies se procesaron satisfactoriamente
para formar el sólido.
STEP: la importación se ha completado.Las superficies se procesaron satisfactoriamente
para formar el sólido.
STEP: la importación se ha completado.Las superficies se procesaron satisfactoriamente
para formar el sólido.
STEP: la importación se ha completado.Las superficies se procesaron satisfactoriamente
para formar el sólido.
STEP: la importación se ha completado.Las superficies se procesaron satisfactoriamente
para formar el sólido.
STEP: la importación se ha completado.Las superficies se procesaron satisfactoriamente
para formar el sólido.
STEP: la importación se ha completado.Las superficies se procesaron satisfactoriamente
para formar el sólido.
STEP: la importación se ha completado.Las superficies se procesaron satisfactoriamente
para formar el sólido.
STEP: la importación se ha completado.Las superficies se procesaron satisfactoriamente
para formar el sólido.
STEP: la importación se ha completado.Las superficies se procesaron satisfactoriamente
para formar el sólido.
STEP: la importación se ha completado.
Error: No se puede crear un sólido de superficies
recortadas.
STEP: la importación no se ha completado satisfactoriamente.
Las superficies se procesaron satisfactoriamente
para formar el sólido.
STEP: la importación se ha completado.
Error: No se puede crear un sólido de superficies
recortadas.
STEP: la importación no se ha completado satisfactoriamente.
Las superficies se procesaron satisfactoriamente
para formar el sólido.
STEP: la importación se ha completado.
Error: No se puede crear un sólido de superficies
recortadas.
STEP: la importación no se ha completado satisfactoriamente.
Advertencia: Surface problem...El constructor de la superficie recortada constructor no pudo  
converger hacia una solución.
Advertencia: Surface problem...El constructor de la superficie recortada constructor no pudo  
converger hacia una solución.
Advertencia: Surface problem...El constructor de la superficie recortada constructor no pudo  
converger hacia una solución.
Advertencia: Surface problem...El constructor de la superficie recortada constructor no pudo  
converger hacia una solución.
Las superficies se procesaron satisfactoriamente
para formar el sólido.
STEP: la importación se ha completado.Las superficies se procesaron satisfactoriamente
para formar el sólido.
STEP: la importación se ha completado.Las superficies se procesaron satisfactoriamente
para formar el sólido.
STEP: la importación se ha completado.Las superficies se procesaron satisfactoriamente
para formar el sólido.
STEP: la importación se ha completado.Las superficies se procesaron satisfactoriamente
para formar el sólido.
STEP: la importación se ha completado.Las superficies se procesaron satisfactoriamente
para formar el sólido.
STEP: la importación se ha completado.