Removed Pin From Net: NetName=LINE2 Pin=C44-2
Removed Pin From Net: NetName=GND Pin=C47-2
Removed Pin From Net: NetName=LOUT Pin=J4-1
Removed Pin From Net: NetName=ROUT Pin=J4-4
Removed Pin From Net: NetName=BFOUT Pin=J4-5
Removed Pin From Net: NetName=LINE2 Pin=R18-1
Removed Pin From Net: NetName=LOUT Pin=R19-1
Removed Pin From Net: NetName=ROUT Pin=R20-1
Removed Pin From Net: NetName=BFOUT Pin=R21-2
Removed Pin From Net: NetName=LINE1 Pin=U5-1
Removed Pin From Net: NetName=MIC+ Pin=U5-2
Removed Pin From Net: NetName=GND Pin=U5-3
Removed Pin From Net: NetName=3V3 Pin=U5-4
Removed Pin From Net: NetName=3V3 Pin=U5-5
Removed Pin From Net: NetName=LINESEL Pin=U5-6
Removed Pin From Net: NetName=GND Pin=U5-7
Removed Pin From Net: NetName=GND Pin=X1-2
Removed Pin From Net: NetName=GND Pin=X1-4
Removed Member From Class: ClassName=EPF-100 MP3 Member=C55
Removed Member From Class: ClassName=EPF-100 MP3 Member=R28
Removed Member From Class: ClassName=EPF-100 MP3 Member=U6
Change Component DesignItemId : Designator=J3 Old DesignItemId=Phonejack Stereo New DesignItemId=Phonejack3 TN
Change Component DesignItemId : Designator=J4 Old DesignItemId=Phonejack Stereo New DesignItemId=Phonejack3 TN
Change Component Footprint: Designator=J3 Old Footprint=35RASMT2BHNTRX New Footprint=35RASMT3BHNTRX
Change Component Footprint: Designator=J4 Old Footprint=35RASMT2BHNTRX New Footprint=35RASMT3BHNTRX
Change Component Footprint: Designator=P5 Old Footprint=HDR1X3 New Footprint=DF13A-3P-1.25H(20) - duplicate
Change Component Footprint: Designator=P1 Old Footprint=HDR1X5 New Footprint=DF13A-5P-1.25H(20)
Change Component Comment : Designator=J3 Old Comment=STEREO JACK New Comment=Phonejack3 TN
Change Component Comment : Designator=J4 Old Comment=STEREO JACK New Comment=Phonejack3 TN
Change Component Designator: OldDesignator=C48 NewDesignator=C47
Change Component Designator: OldDesignator=C49 NewDesignator=C52
Change Component Designator: OldDesignator=C50 NewDesignator=C48
Change Component Designator: OldDesignator=C51 NewDesignator=C49
Change Component Designator: OldDesignator=C52 NewDesignator=C53
Change Component Designator: OldDesignator=C53 NewDesignator=C50
Change Component Designator: OldDesignator=C54 NewDesignator=C51
Change Component Designator: OldDesignator=C55 NewDesignator=C54
Change Component Designator: OldDesignator=R22 NewDesignator=R21
Change Component Designator: OldDesignator=R23 NewDesignator=R22
Change Component Designator: OldDesignator=R24 NewDesignator=R23
Change Component Designator: OldDesignator=R26 NewDesignator=R24
Change Component Designator: OldDesignator=R27 NewDesignator=R26
Change Component Designator: OldDesignator=R28 NewDesignator=R27
Change Component Designator: OldDesignator=U6 NewDesignator=U5
Added Component: Designator=TP2(PCB TEST POINT)
Added Component: Designator=TP3(PCB TEST POINT)
Added Pin To Net: NetName=LINE2 Pin=C43-2
Added Pin To Net: NetName=LINE1 Pin=C44-2
Added Pin To Net: NetName=MIC+ Pin=J3-3
Added Pin To Net: NetName=ROUT Pin=J4-1
Added Pin To Net: NetName=LOUT Pin=J4-4
Added Pin To Net: NetName=GND Pin=J4-5
Added Pin To Net: NetName=LINE2 Pin=R17-1
Added Pin To Net: NetName=LINE1 Pin=R18-1
Added Pin To Net: NetName=ROUT Pin=R19-1
Added Pin To Net: NetName=LOUT Pin=R20-1
Added Pin To Net: NetName=U3RX Pin=TP2-1
Added Pin To Net: NetName=U3TX Pin=TP3-1
Change Net Name : Old Net Name=NetC48_1 New Net Name=NetC47_1
Change Net Name : Old Net Name=NetC49_1 New Net Name=NetC52_1
Change Net Name : Old Net Name=NetC50_1 New Net Name=NetC48_1
Change Net Name : Old Net Name=NetC51_1 New Net Name=NetC49_1
Change Net Name : Old Net Name=NetC52_1 New Net Name=NetC53_1
Change Net Name : Old Net Name=NetC54_2 New Net Name=NetC51_2
Change Net Name : Old Net Name=NetC55_2 New Net Name=NetC54_2
Change Net Name : Old Net Name=NetR28_2 New Net Name=NetR27_2
Added Pin To Net: NetName=SPEAKER Pin=J4-3
Added Net: Name=SPEAKER
Added Member To Class: ClassName=EPF-100 Logic Member=Component TP2 PCB TEST POINT
Added Member To Class: ClassName=EPF-100 Logic Member=Component TP3 PCB TEST POINT
