Removed Pin From Net: NetName=NetC28_1 Pin=J3-1
Removed Pin From Net: NetName=MIC+ Pin=J3-3
Removed Pin From Net: NetName=NetC31_1 Pin=J3-4
Removed Pin From Net: NetName=GND Pin=J3-5
Removed Pin From Net: NetName=ROUT Pin=J4-1
Removed Pin From Net: NetName=SPEAKER Pin=J4-3
Removed Pin From Net: NetName=LOUT Pin=J4-4
Removed Pin From Net: NetName=GND Pin=J4-5
Removed Member From Class: ClassName=EPF-100 MP3 Member=J3
Removed Member From Class: ClassName=EPF-100 MP3 Member=J4
Added Component: Designator=J?(SJ-3503-SMT)
Added Component: Designator=J?(SJ-3503-SMT)
Added Component: Designator=P2(HDR1X6)
Added Component: Designator=P3(Header2Macho)
Added Pin To Net: NetName=GND Pin=J?-1
Added Pin To Net: NetName=GND Pin=J?-1
Added Pin To Net: NetName=NetC28_1 Pin=J?-2
Added Pin To Net: NetName=ROUT Pin=J?-2
Added Pin To Net: NetName=LOUT Pin=J?-3
Added Pin To Net: NetName=NetC31_1 Pin=J?-3
Added Pin To Net: NetName=MIC+ Pin=J?-5
Added Pin To Net: NetName=SPEAKER Pin=J?-5
Added Pin To Net: NetName=TCK/SWCLK Pin=P2-1
Added Pin To Net: NetName=TMS/SWDIO Pin=P2-2
Added Pin To Net: NetName=TDI Pin=P2-3
Added Pin To Net: NetName=TDO/SWO Pin=P2-4
Added Pin To Net: NetName=R\E\S\E\T\ Pin=P2-5
Added Pin To Net: NetName=GND Pin=P2-6
Added Pin To Net: NetName=U3RX Pin=P3-1
Added Pin To Net: NetName=U3TX Pin=P3-2
Added Member To Class: ClassName=EPF-100 MP3 Member=Component J? SJ-3503-SMT
Added Member To Class: ClassName=EPF-100 Logic Member=Component P2 ICDI_JTAG
Added Member To Class: ClassName=EPF-100 Logic Member=Component P3 Header2
